<?xml version="1.0" encoding="UTF-8"?>
<!-- Generated by org.testng.reporters.JUnitReportReporter -->
<testsuite skipped="0" hostname="VI-D066" name="mobile_test.TestClass1" tests="1" failures="0" timestamp="22 Sep 2017 05:32:45 GMT" time="41.489" errors="0">
  <testcase name="calcTest" time="41.489" classname="mobile_test.TestClass1"/>
</testsuite> <!-- mobile_test.TestClass1 -->
